<?xml version="1.0" encoding="UTF-8"?>
<!-- Generated by org.testng.reporters.JUnitReportReporter -->
<testsuite skipped="0" hostname="Internet-PC" name="testSuite.Login_run" tests="1" failures="0" timestamp="29 Jul 2021 16:07:50 GMT" time="5.455" errors="0">
  <testcase name="runScenario" time="5.455" classname="testSuite.Login_run"/>
</testsuite> <!-- testSuite.Login_run -->
